<?xml version="1.0" encoding="UTF-8"?>
<testsuite xmlns:xsi="http://www.w3.org/2001/XMLSchema-instance" xsi:noNamespaceSchemaLocation="https://maven.apache.org/surefire/maven-surefire-plugin/xsd/surefire-test-report-3.0.xsd" version="3.0" name="TestSuite" time="0.462" tests="4" errors="0" skipped="0" failures="0">
  <properties>
[...]
</properties>
  <testcase name="sumTest[3, 3](1)" classname="tc.AddictionTest" time="0.047"/>
  <testcase name="divTest[3, 3](1)" classname="tc.DivisionTest" time="0"/>
  <testcase name="multiTest[3, 3](1)" classname="tc.MultiplyTest" time="0"/>
  <testcase name="subTest[3, 3](1)" classname="tc.SubtractionTest" time="0"/>
</testsuite>