<?xml version="1.0" encoding="UTF-8"?>
<testng-results ignored="0" total="4" passed="4" failed="0" skipped="0">
  <reporter-output>
  </reporter-output>
  <suite started-at="2021-08-09T16:48:06 MSK" name="suiteForAllTests" finished-at="2021-08-09T16:48:06 MSK" duration-ms="77">
    <groups>
      <group name="AddSubOperations">
        <method signature="AddictionTest.sumTest(double,double)[pri:0, instance:tc.AddictionTest@4f67eb2a]" name="sumTest" class="tc.AddictionTest"/>
        <method signature="SubtractionTest.subTest(double,double)[pri:0, instance:tc.SubtractionTest@74455848]" name="subTest" class="tc.SubtractionTest"/>
      </group> <!-- AddSubOperations -->
      <group name="DivMultiplyOperations">
        <method signature="DivisionTest.divTest(double,double)[pri:0, instance:tc.DivisionTest@2cd2a21f]" name="divTest" class="tc.DivisionTest"/>
        <method signature="MultiplyTest.multiTest(double,double)[pri:0, instance:tc.MultiplyTest@2e55dd0c]" name="multiTest" class="tc.MultiplyTest"/>
      </group> <!-- DivMultiplyOperations -->
    </groups>
    <test started-at="2021-08-09T16:48:06 MSK" name="firstTest" finished-at="2021-08-09T16:48:06 MSK" duration-ms="77">
      <class name="tc.DivisionTest">
        <test-method signature="divTest(double,double)[pri:0, instance:tc.DivisionTest@2cd2a21f]" started-at="2021-08-09T16:48:06 MSK" name="divTest" data-provider="Correct data for div" finished-at="2021-08-09T16:48:06 MSK" duration-ms="0" status="PASS">
          <params>
            <param index="0">
              <value>
                <![CDATA[3]]>
              </value>
            </param>
            <param index="1">
              <value>
                <![CDATA[3]]>
              </value>
            </param>
          </params>
          <reporter-output>
          </reporter-output>
        </test-method> <!-- divTest -->
        <test-method is-config="true" signature="after()[pri:0, instance:tc.DivisionTest@2cd2a21f]" started-at="2021-08-09T16:48:06 MSK" name="after" finished-at="2021-08-09T16:48:06 MSK" duration-ms="0" status="PASS">
          <reporter-output>
          </reporter-output>
        </test-method> <!-- after -->
        <test-method is-config="true" signature="before()[pri:0, instance:tc.DivisionTest@2cd2a21f]" started-at="2021-08-09T16:48:06 MSK" name="before" finished-at="2021-08-09T16:48:06 MSK" duration-ms="0" status="PASS">
          <reporter-output>
          </reporter-output>
        </test-method> <!-- before -->
      </class> <!-- tc.DivisionTest -->
      <class name="tc.MultiplyTest">
        <test-method is-config="true" signature="before()[pri:0, instance:tc.MultiplyTest@2e55dd0c]" started-at="2021-08-09T16:48:06 MSK" name="before" finished-at="2021-08-09T16:48:06 MSK" duration-ms="1" status="PASS">
          <reporter-output>
          </reporter-output>
        </test-method> <!-- before -->
        <test-method signature="multiTest(double,double)[pri:0, instance:tc.MultiplyTest@2e55dd0c]" started-at="2021-08-09T16:48:06 MSK" name="multiTest" data-provider="Correct data for multiply" finished-at="2021-08-09T16:48:06 MSK" duration-ms="0" status="PASS">
          <params>
            <param index="0">
              <value>
                <![CDATA[3]]>
              </value>
            </param>
            <param index="1">
              <value>
                <![CDATA[3]]>
              </value>
            </param>
          </params>
          <reporter-output>
          </reporter-output>
        </test-method> <!-- multiTest -->
        <test-method is-config="true" signature="after()[pri:0, instance:tc.MultiplyTest@2e55dd0c]" started-at="2021-08-09T16:48:06 MSK" name="after" finished-at="2021-08-09T16:48:06 MSK" duration-ms="0" status="PASS">
          <reporter-output>
          </reporter-output>
        </test-method> <!-- after -->
      </class> <!-- tc.MultiplyTest -->
      <class name="tc.SubtractionTest">
        <test-method is-config="true" signature="before()[pri:0, instance:tc.SubtractionTest@74455848]" started-at="2021-08-09T16:48:06 MSK" name="before" finished-at="2021-08-09T16:48:06 MSK" duration-ms="0" status="PASS">
          <reporter-output>
          </reporter-output>
        </test-method> <!-- before -->
        <test-method signature="subTest(double,double)[pri:0, instance:tc.SubtractionTest@74455848]" started-at="2021-08-09T16:48:06 MSK" name="subTest" data-provider="Correct data for sub" finished-at="2021-08-09T16:48:06 MSK" duration-ms="0" status="PASS">
          <params>
            <param index="0">
              <value>
                <![CDATA[3]]>
              </value>
            </param>
            <param index="1">
              <value>
                <![CDATA[3]]>
              </value>
            </param>
          </params>
          <reporter-output>
          </reporter-output>
        </test-method> <!-- subTest -->
        <test-method is-config="true" signature="after()[pri:0, instance:tc.SubtractionTest@74455848]" started-at="2021-08-09T16:48:06 MSK" name="after" finished-at="2021-08-09T16:48:06 MSK" duration-ms="0" status="PASS">
          <reporter-output>
          </reporter-output>
        </test-method> <!-- after -->
      </class> <!-- tc.SubtractionTest -->
      <class name="tc.AddictionTest">
        <test-method is-config="true" signature="before()[pri:0, instance:tc.AddictionTest@4f67eb2a]" started-at="2021-08-09T16:48:06 MSK" name="before" finished-at="2021-08-09T16:48:06 MSK" duration-ms="2" status="PASS">
          <reporter-output>
          </reporter-output>
        </test-method> <!-- before -->
        <test-method signature="sumTest(double,double)[pri:0, instance:tc.AddictionTest@4f67eb2a]" started-at="2021-08-09T16:48:06 MSK" name="sumTest" data-provider="Correct data for sum" finished-at="2021-08-09T16:48:06 MSK" duration-ms="46" status="PASS">
          <params>
            <param index="0">
              <value>
                <![CDATA[3]]>
              </value>
            </param>
            <param index="1">
              <value>
                <![CDATA[3]]>
              </value>
            </param>
          </params>
          <reporter-output>
          </reporter-output>
        </test-method> <!-- sumTest -->
        <test-method is-config="true" signature="after()[pri:0, instance:tc.AddictionTest@4f67eb2a]" started-at="2021-08-09T16:48:06 MSK" name="after" finished-at="2021-08-09T16:48:06 MSK" duration-ms="0" status="PASS">
          <reporter-output>
          </reporter-output>
        </test-method> <!-- after -->
      </class> <!-- tc.AddictionTest -->
    </test> <!-- firstTest -->
  </suite> <!-- suiteForAllTests -->
</testng-results>
