<?xml version="1.0" encoding="UTF-8"?>
<!-- Generated by org.testng.reporters.JUnitXMLReporter -->
<testsuite ignored="0" hostname="WIN-K3UOBD9PO7V" failures="0" tests="4" name="firstTest" time="0.077" errors="0" timestamp="2021-08-09T16:48:06 MSK">
  <testcase classname="tc.AddictionTest" name="sumTest" time="0.046"/>
  <testcase classname="tc.DivisionTest" name="divTest" time="0.0"/>
  <testcase classname="tc.MultiplyTest" name="multiTest" time="0.0"/>
  <testcase classname="tc.SubtractionTest" name="subTest" time="0.0"/>
</testsuite> <!-- firstTest -->
